<?xml version="1.0" encoding="UTF-8"?>
<!-- Generated by org.testng.reporters.JUnitReportReporter -->
<testsuite skipped="0" hostname="DESKTOP-J5JHA8E" name="scripts.LoginPage" tests="1" failures="0" timestamp="2023-06-26T22:32:54 IST" time="86.904" errors="0">
  <testcase name="UserLogIn" time="86.904" classname="scripts.LoginPage"/>
</testsuite> <!-- scripts.LoginPage -->
